<?xml version="1.0" encoding="UTF-8"?>
<!-- Generated by org.testng.reporters.JUnitReportReporter -->
<testsuite skipped="0" hostname="MacBook-Pro.local" name="com.web.locus.testcases.LocusTestRunner" tests="1" failures="0" timestamp="25 Apr 2021 16:17:45 GMT" time="18.867" errors="0">
  <testcase name="verifyFlipKartSearchAndFilterFunctionalities" time="18.867" classname="com.web.locus.testcases.LocusTestRunner"/>
</testsuite> <!-- com.web.locus.testcases.LocusTestRunner -->
