<?xml version="1.0" encoding="UTF-8"?>
<!-- Generated by org.testng.reporters.JUnitReportReporter -->
<testsuite skipped="1" hostname="MacBook-Pro.local" name="com.web.classplus.testcases.ClassPlusTestRunner" tests="2" failures="0" timestamp="30 Apr 2021 22:59:28 GMT" time="19.550" errors="0">
  <testcase name="verifyTripAdvisor" time="19.550" classname="com.web.classplus.testcases.ClassPlusTestRunner"/>
  <testcase name="comparePriceFromFlipkartAndAmazon" classname="com.web.classplus.testcases.ClassPlusTestRunner">
    <skipped/>
  </testcase> <!-- comparePriceFromFlipkartAndAmazon -->
</testsuite> <!-- com.web.classplus.testcases.ClassPlusTestRunner -->
