<?xml version="1.0" encoding="UTF-8"?>
<!-- Generated by org.testng.reporters.JUnitReportReporter -->
<testsuite skipped="0" hostname="MacBook-Pro.local" name="com.web.classplus.testcases.ClassPlusTestRunner" tests="1" failures="0" timestamp="30 Apr 2021 05:31:09 GMT" time="10.093" errors="0">
  <testcase name="comparePriceFromFlipkartAndAmazon" time="10.093" classname="com.web.classplus.testcases.ClassPlusTestRunner"/>
</testsuite> <!-- com.web.classplus.testcases.ClassPlusTestRunner -->
