<?xml version="1.0" encoding="UTF-8"?>
<!-- Generated by org.testng.reporters.JUnitReportReporter -->
<testsuite skipped="0" hostname="MacBook-Pro.local" name="com.web.classplus.testcases.ClassPlusTestRunner" tests="2" failures="0" timestamp="30 Apr 2021 23:12:38 GMT" time="26.688" errors="0">
  <testcase name="verifyTripAdvisor" time="16.904" classname="com.web.classplus.testcases.ClassPlusTestRunner"/>
  <testcase name="comparePriceFromFlipkartAndAmazon" time="9.784" classname="com.web.classplus.testcases.ClassPlusTestRunner"/>
</testsuite> <!-- com.web.classplus.testcases.ClassPlusTestRunner -->
