<?xml version="1.0" encoding="UTF-8"?>
<!-- Generated by org.testng.reporters.JUnitReportReporter -->
<testsuite skipped="0" hostname="MacBook-Pro.local" name="com.web.locus.testcases.LocusInterviewAssignment" tests="6" failures="0" timestamp="01 May 2021 18:38:27 GMT" time="124.313" errors="0">
  <testcase name="verifyLoginFunctionalityWithInvalidCredentials" time="15.386" classname="com.web.locus.testcases.LocusInterviewAssignment"/>
  <testcase name="verifyLoginFunctionalityWithValidCredentials" time="21.655" classname="com.web.locus.testcases.LocusInterviewAssignment"/>
  <testcase name="verifyProfileIconFunctionality" time="21.909" classname="com.web.locus.testcases.LocusInterviewAssignment"/>
  <testcase name="verifySearchForAtaskWithTaskId" time="17.480" classname="com.web.locus.testcases.LocusInterviewAssignment"/>
  <testcase name="createAServiceTask" time="29.956" classname="com.web.locus.testcases.LocusInterviewAssignment"/>
  <testcase name="searchForCreatedTask" time="17.927" classname="com.web.locus.testcases.LocusInterviewAssignment"/>
</testsuite> <!-- com.web.locus.testcases.LocusInterviewAssignment -->
