<?xml version="1.0" encoding="UTF-8"?>
<!-- Generated by org.testng.reporters.JUnitReportReporter -->
<testsuite skipped="0" hostname="MacBook-Pro.local" name="com.web.locus.testcases.LocusTestRunner" tests="1" failures="0" timestamp="01 May 2021 04:36:11 GMT" time="19.254" errors="0">
  <testcase name="verifyFlipKartSearchAndFilterFunctionalities" time="19.254" classname="com.web.locus.testcases.LocusTestRunner"/>
</testsuite> <!-- com.web.locus.testcases.LocusTestRunner -->
